<?xml version="1.0" encoding="UTF-8"?>
<!-- Generated by org.testng.reporters.JUnitXMLReporter -->
<testsuite hostname="C809070EE68937" name="TestName" tests="11" failures="0" timestamp="5 Mar 2018 03:22:08 GMT" time="53.553" errors="0">
  <testcase name="testFilterPage" time="36.201" classname="com.testSelenium.UiTest"/>
  <testcase name="testNewCustomerPage" time="8.547" classname="com.testSelenium.UiTest"/>
  <testcase name="testGetServiceForComments" time="0.125" classname="com.testSelenium.ApiTest"/>
  <testcase name="testGetServiceForPost" time="0.015" classname="com.testSelenium.ApiTest"/>
  <testcase name="testGetServiceForUsers" time="0.047" classname="com.testSelenium.ApiTest"/>
  <testcase name="testPostServiceForComments" time="0.078" classname="com.testSelenium.ApiTest"/>
  <testcase name="testPostServiceForPost" time="0.094" classname="com.testSelenium.ApiTest"/>
  <testcase name="testPostServiceForUsers" time="0.078" classname="com.testSelenium.ApiTest"/>
  <testcase name="testPutServiceForComment" time="0.078" classname="com.testSelenium.ApiTest"/>
  <testcase name="testPutServiceForPost" time="0.063" classname="com.testSelenium.ApiTest"/>
  <testcase name="testPutServiceForUsers" time="0.078" classname="com.testSelenium.ApiTest"/>
</testsuite> <!-- TestName -->
